make all --print-data-base --no-builtin-variables --no-builtin-rules --question
make: *** No rule to make target 'all'.  Stop.

# GNU Make 4.3
# Built for x86_64-pc-linux-gnu
# Copyright (C) 1988-2020 Free Software Foundation, Inc.
# License GPLv3+: GNU GPL version 3 or later <http://gnu.org/licenses/gpl.html>
# This is free software: you are free to change and redistribute it.
# There is NO WARRANTY, to the extent permitted by law.

# Make data base, printed on Thu Jul 28 01:24:25 2022

# Variables

# environment
LC_ALL = C
# environment
VSCODE_CWD = /home/vagrant
# default
MAKE_COMMAND := make
# environment
VSCODE_HANDLES_SIGPIPE = true
# automatic
@D = $(patsubst %/,%,$(dir $@))
# environment
VSCODE_HANDLES_UNCAUGHT_ERRORS = true
# default
.VARIABLES := 
# environment
PWD = /home/vagrant/src/mp-connect-4-evelyn-hosana
# automatic
%D = $(patsubst %/,%,$(dir $%))
# automatic
^D = $(patsubst %/,%,$(dir $^))
# automatic
%F = $(notdir $%)
# environment
LANG = C
# default
.LOADED := 
# default
.INCLUDE_DIRS = /usr/local/include /usr/include /usr/include
# makefile
MAKEFLAGS = pqrR
# makefile
CURDIR := /home/vagrant/src/mp-connect-4-evelyn-hosana
# environment
APPLICATION_INSIGHTS_NO_DIAGNOSTIC_CHANNEL = 1
# automatic
*D = $(patsubst %/,%,$(dir $*))
# environment
MFLAGS = -pqrR
# default
.SHELLFLAGS := -c
# automatic
+D = $(patsubst %/,%,$(dir $+))
# makefile (from 'Makefile', line 1)
MAKEFILE_LIST := Makefile
# automatic
@F = $(notdir $@)
# automatic
?D = $(patsubst %/,%,$(dir $?))
# makefile (from 'Makefile', line 1)
INCLUDES = -I includes/
# automatic
*F = $(notdir $*)
# automatic
<D = $(patsubst %/,%,$(dir $<))
# environment
VSCODE_NLS_CONFIG = {"locale":"en","availableLanguages":{}}
# default
MAKE_HOST := x86_64-pc-linux-gnu
# makefile
SHELL = /bin/sh
# default
MAKECMDGOALS := all
# environment
SHLVL = 0
# environment
MAKELEVEL := 0
# default
MAKE = $(MAKE_COMMAND)
# environment
PATH = /home/vagrant/.vscode-server/bin/3b889b090b5ad5793f524b5d1d39fda662b96a2a/bin/remote-cli:/home/vagrant/.cargo/bin:/home/vagrant/bin:/usr/local/sbin:/usr/local/bin:/usr/sbin:/usr/bin:/sbin:/bin:/usr/games:/usr/local/games:/snap/bin
# default
MAKEFILES := 
# environment
MOTD_SHOWN = pam
# automatic
^F = $(notdir $^)
# environment
SSH_CLIENT = 172.17.0.1 54826 22
# automatic
?F = $(notdir $?)
# automatic
+F = $(notdir $+)
# 'override' directive
GNUMAKEFLAGS := 
# environment
BROWSER = /home/vagrant/.vscode-server/bin/3b889b090b5ad5793f524b5d1d39fda662b96a2a/bin/helpers/browser.sh
# environment
LOGNAME = vagrant
# makefile (from 'Makefile', line 17)
.DEFAULT_GOAL := tests
# environment
USER = vagrant
# default
MAKE_VERSION := 4.3
# environment
VSCODE_AGENT_FOLDER = /home/vagrant/.vscode-server
# environment
_ = /home/vagrant/.vscode-server/bin/3b889b090b5ad5793f524b5d1d39fda662b96a2a/node
# environment
VSCODE_IPC_HOOK_CLI = /tmp/vscode-ipc-b8681fb3-295b-48da-a2e5-1c1a94c63d4b.sock
# environment
VSCODE_AMD_ENTRYPOINT = vs/workbench/api/node/extensionHostProcess
# environment
HOME = /home/vagrant
# environment
ELECTRON_RUN_AS_NODE = 1
# default
.RECIPEPREFIX := 
# automatic
<F = $(notdir $<)
# default
SUFFIXES := 
# makefile (from 'Makefile', line 2)
CXXFLAGS = -std=c++20 -g -fstandalone-debug -O0 -Wall -Wextra -Werror -pedantic $(INCLUDES)
# default
.FEATURES := target-specific order-only second-expansion else-if shortest-stem undefine oneshell nocomment grouped-target extra-prereqs archives jobserver output-sync check-symlink load
# makefile (from 'Makefile', line 3)
CXX = clang++
# environment
SSH_CONNECTION = 172.17.0.1 54826 172.17.0.2 22
# variable set hash-table stats:
# Load=60/1024=6%, Rehash=0, Collisions=1/91=1%

# Pattern-specific Variable Values

# No pattern-specific variable values.

# Directories

# . (device 47, inode 1125899906991372): 10 files, no impossibilities.
# includes (device 47, inode 562949953570132): No files, no impossibilities so far.

# 10 files, no impossibilities in 2 directories.

# Implicit Rules

src/%.cc: includes/%.hpp
#  recipe to execute (from 'Makefile', line 15):
	touch $@

# 1 implicit rules, 0 (0.0%) terminal.
# Files

exec: src/main.cc src/board.cc
#  Phony target (prerequisite of .PHONY).
#  Implicit rule search has not been done.
#  File does not exist.
#  File has not been updated.
#  recipe to execute (from 'Makefile', line 9):
	$(CXX) $(CXXFLAGS) $^ -o bin/exec

# Not a target:
Makefile:
#  Implicit rule search has been done.
#  Last modified 2022-07-02 13:54:10
#  File has been updated.
#  Successfully updated.

# Not a target:
tests/tests.cc:
#  Implicit rule search has not been done.
#  Modification time never checked.
#  File has not been updated.

clean:
#  Phony target (prerequisite of .PHONY).
#  Implicit rule search has not been done.
#  File does not exist.
#  File has not been updated.
#  recipe to execute (from 'Makefile', line 6):
	rm -f bin/*

tests: tests/tests.cc src/board.cc
#  Phony target (prerequisite of .PHONY).
#  Implicit rule search has not been done.
#  File does not exist.
#  File has not been updated.
#  recipe to execute (from 'Makefile', line 12):
	$(CXX) $(CXXFLAGS) $^ -o bin/tests

# Not a target:
.DEFAULT:
#  Implicit rule search has not been done.
#  Modification time never checked.
#  File has not been updated.

# Not a target:
src/main.cc:
#  Implicit rule search has not been done.
#  Modification time never checked.
#  File has not been updated.

# Not a target:
all:
#  Command line target.
#  Implicit rule search has been done.
#  File does not exist.
#  File has not been updated.

.PHONY: tests clean exec
#  Implicit rule search has not been done.
#  Modification time never checked.
#  File has not been updated.

# Not a target:
src/board.cc:
#  Implicit rule search has not been done.
#  Modification time never checked.
#  File has not been updated.

# files hash-table stats:
# Load=11/1024=1%, Rehash=0, Collisions=0/28=0%
# VPATH Search Paths

# No 'vpath' search paths.

# No general ('VPATH' variable) search path.

# strcache buffers: 1 (0) / strings = 23 / storage = 198 B / avg = 8 B
# current buf: size = 8162 B / used = 198 B / count = 23 / avg = 8 B

# strcache performance: lookups = 37 / hit rate = 37%
# hash-table stats:
# Load=23/8192=0%, Rehash=0, Collisions=0/37=0%
# Finished Make data base on Thu Jul 28 01:24:25 2022

 
